# JMH version: 1.21
# VM version: JDK 1.8.0_221, Java HotSpot(TM) 64-Bit Server VM, 25.221-b11
# VM invoker: C:\kevin\Java\jdk1.8.0_221\jre\bin\java.exe
# VM options: -javaagent:C:\Program Files\JetBrains\IntelliJ IDEA Community Edition 2019.1.3\lib\idea_rt.jar=54824:C:\Program Files\JetBrains\IntelliJ IDEA Community Edition 2019.1.3\bin -Dfile.encoding=UTF-8
# Warmup: 2 iterations, 10 s each
# Measurement: 5 iterations, 600 ms each
# Timeout: 10 min per iteration
# Threads: 100 threads, will synchronize iterations
# Benchmark mode: Throughput, ops/time
# Benchmark: benchmark.JedisBenchmark.get

# Run progress: 0.00% complete, ETA 00:00:46
# Fork: 1 of 1
# Warmup Iteration   1: 1.970 ops/ms
# Warmup Iteration   2: 2.062 ops/ms
Iteration   1: 2.091 ops/ms
Iteration   2: 2.018 ops/ms
Iteration   3: 2.152 ops/ms
Iteration   4: 2.112 ops/ms
Iteration   5: 1.991 ops/ms


Result "benchmark.JedisBenchmark.get":
  2.073 ±(99.9%) 0.257 ops/ms [Average]
  (min, avg, max) = (1.991, 2.073, 2.152), stdev = 0.067
  CI (99.9%): [1.816, 2.330] (assumes normal distribution)


# JMH version: 1.21
# VM version: JDK 1.8.0_221, Java HotSpot(TM) 64-Bit Server VM, 25.221-b11
# VM invoker: C:\kevin\Java\jdk1.8.0_221\jre\bin\java.exe
# VM options: -javaagent:C:\Program Files\JetBrains\IntelliJ IDEA Community Edition 2019.1.3\lib\idea_rt.jar=54824:C:\Program Files\JetBrains\IntelliJ IDEA Community Edition 2019.1.3\bin -Dfile.encoding=UTF-8
# Warmup: 2 iterations, 10 s each
# Measurement: 5 iterations, 600 ms each
# Timeout: 10 min per iteration
# Threads: 100 threads, will synchronize iterations
# Benchmark mode: Throughput, ops/time
# Benchmark: benchmark.JedisBenchmark.set

# Run progress: 50.00% complete, ETA 00:00:30
# Fork: 1 of 1
# Warmup Iteration   1: 15.847 ops/ms
# Warmup Iteration   2: 15.997 ops/ms
Iteration   1: 15.580 ops/ms
Iteration   2: 16.460 ops/ms
Iteration   3: 16.583 ops/ms
Iteration   4: 15.635 ops/ms
Iteration   5: 15.288 ops/ms


Result "benchmark.JedisBenchmark.set":
  15.909 ±(99.9%) 2.216 ops/ms [Average]
  (min, avg, max) = (15.288, 15.909, 16.583), stdev = 0.576
  CI (99.9%): [13.693, 18.126] (assumes normal distribution)


# Run complete. Total time: 00:00:58

REMEMBER: The numbers below are just data. To gain reusable insights, you need to follow up on
why the numbers are the way they are. Use profilers (see -prof, -lprof), design factorial
experiments, perform baseline and negative tests that provide experimental control, make sure
the benchmarking environment is safe on JVM/OS/HW level, ask for reviews from the domain experts.
Do not assume the numbers tell you what you want them to tell.

Benchmark            Mode  Cnt   Score   Error   Units
JedisBenchmark.get  thrpt    5   2.073 ± 0.257  ops/ms
JedisBenchmark.set  thrpt    5  15.909 ± 2.216  ops/ms
